nohup: ignoring input

> skillgap-ui@0.1.0 dev
> vite --host 0.0.0.0 --port 3000


  VITE v5.4.21  ready in 180 ms

  ➜  Local:   http://localhost:3000/
  ➜  Network: http://192.168.29.31:3000/
  ➜  Network: http://172.19.0.1:3000/
7:06:44 PM [vite] hmr update /src/App.jsx
7:06:46 PM [vite] hmr update /src/App.jsx
7:07:00 PM [vite] hmr update /src/App.jsx
7:07:12 PM [vite] hmr update /src/App.jsx
7:09:29 PM [vite] hmr update /src/App.jsx
7:09:42 PM [vite] hmr update /src/App.jsx
7:09:56 PM [vite] hmr update /src/App.jsx
7:10:32 PM [vite] hmr update /src/App.jsx
7:10:46 PM [vite] hmr update /src/App.jsx
7:10:57 PM [vite] hmr update /src/index.css
7:11:26 PM [vite] hmr update /src/App.jsx
7:11:27 PM [vite] Internal server error: /home/pramod/Desktop/skillgap-ai/frontend/src/App.jsx: Unexpected token (514:2)

  512 |               )}
  513 | function ReportView({ sessionData, onBack }) {
> 514 |   const [report, setReport] = useState(null)
      |   ^
  515 |   const [loading, setLoading] = useState(true)
  516 |
  517 |   useEffect(() => {
  Plugin: vite:react-babel
  File: /home/pramod/Desktop/skillgap-ai/frontend/src/App.jsx:514:2
  512|                )}
  513|  function ReportView({ sessionData, onBack }) {
  514|    const [report, setReport] = useState(null)
     |    ^
  515|    const [loading, setLoading] = useState(true)
  516|  
      at constructor (/home/pramod/Desktop/skillgap-ai/frontend/node_modules/@babel/parser/lib/index.js:365:19)
      at JSXParserMixin.raise (/home/pramod/Desktop/skillgap-ai/frontend/node_modules/@babel/parser/lib/index.js:6599:19)
      at JSXParserMixin.unexpected (/home/pramod/Desktop/skillgap-ai/frontend/node_modules/@babel/parser/lib/index.js:6619:16)
      at JSXParserMixin.parseExprAtom (/home/pramod/Desktop/skillgap-ai/frontend/node_modules/@babel/parser/lib/index.js:11442:22)
      at JSXParserMixin.parseExprAtom (/home/pramod/Desktop/skillgap-ai/frontend/node_modules/@babel/parser/lib/index.js:4764:20)
      at JSXParserMixin.parseExprSubscripts (/home/pramod/Desktop/skillgap-ai/frontend/node_modules/@babel/parser/lib/index.js:11081:23)
      at JSXParserMixin.parseUpdate (/home/pramod/Desktop/skillgap-ai/frontend/node_modules/@babel/parser/lib/index.js:11066:21)
      at JSXParserMixin.parseMaybeUnary (/home/pramod/Desktop/skillgap-ai/frontend/node_modules/@babel/parser/lib/index.js:11046:23)
      at JSXParserMixin.parseMaybeUnaryOrPrivate (/home/pramod/Desktop/skillgap-ai/frontend/node_modules/@babel/parser/lib/index.js:10899:61)
      at JSXParserMixin.parseExprOps (/home/pramod/Desktop/skillgap-ai/frontend/node_modules/@babel/parser/lib/index.js:10904:23)
      at JSXParserMixin.parseMaybeConditional (/home/pramod/Desktop/skillgap-ai/frontend/node_modules/@babel/parser/lib/index.js:10881:23)
      at JSXParserMixin.parseMaybeAssign (/home/pramod/Desktop/skillgap-ai/frontend/node_modules/@babel/parser/lib/index.js:10831:21)
      at JSXParserMixin.parseExpressionBase (/home/pramod/Desktop/skillgap-ai/frontend/node_modules/@babel/parser/lib/index.js:10784:23)
      at /home/pramod/Desktop/skillgap-ai/frontend/node_modules/@babel/parser/lib/index.js:10780:39
      at JSXParserMixin.allowInAnd (/home/pramod/Desktop/skillgap-ai/frontend/node_modules/@babel/parser/lib/index.js:12426:12)
      at JSXParserMixin.parseExpression (/home/pramod/Desktop/skillgap-ai/frontend/node_modules/@babel/parser/lib/index.js:10780:17)
      at JSXParserMixin.jsxParseExpressionContainer (/home/pramod/Desktop/skillgap-ai/frontend/node_modules/@babel/parser/lib/index.js:4632:31)
      at JSXParserMixin.jsxParseElementAt (/home/pramod/Desktop/skillgap-ai/frontend/node_modules/@babel/parser/lib/index.js:4711:36)
      at JSXParserMixin.jsxParseElementAt (/home/pramod/Desktop/skillgap-ai/frontend/node_modules/@babel/parser/lib/index.js:4698:32)
      at JSXParserMixin.jsxParseElementAt (/home/pramod/Desktop/skillgap-ai/frontend/node_modules/@babel/parser/lib/index.js:4698:32)
      at JSXParserMixin.jsxParseElement (/home/pramod/Desktop/skillgap-ai/frontend/node_modules/@babel/parser/lib/index.js:4749:17)
      at JSXParserMixin.parseExprAtom (/home/pramod/Desktop/skillgap-ai/frontend/node_modules/@babel/parser/lib/index.js:4759:19)
      at JSXParserMixin.parseExprSubscripts (/home/pramod/Desktop/skillgap-ai/frontend/node_modules/@babel/parser/lib/index.js:11081:23)
      at JSXParserMixin.parseUpdate (/home/pramod/Desktop/skillgap-ai/frontend/node_modules/@babel/parser/lib/index.js:11066:21)
      at JSXParserMixin.parseMaybeUnary (/home/pramod/Desktop/skillgap-ai/frontend/node_modules/@babel/parser/lib/index.js:11046:23)
      at JSXParserMixin.parseMaybeUnaryOrPrivate (/home/pramod/Desktop/skillgap-ai/frontend/node_modules/@babel/parser/lib/index.js:10899:61)
      at JSXParserMixin.parseExprOps (/home/pramod/Desktop/skillgap-ai/frontend/node_modules/@babel/parser/lib/index.js:10904:23)
      at JSXParserMixin.parseMaybeConditional (/home/pramod/Desktop/skillgap-ai/frontend/node_modules/@babel/parser/lib/index.js:10881:23)
      at JSXParserMixin.parseMaybeAssign (/home/pramod/Desktop/skillgap-ai/frontend/node_modules/@babel/parser/lib/index.js:10831:21)
      at /home/pramod/Desktop/skillgap-ai/frontend/node_modules/@babel/parser/lib/index.js:10800:39
      at JSXParserMixin.allowInAnd (/home/pramod/Desktop/skillgap-ai/frontend/node_modules/@babel/parser/lib/index.js:12426:12)
      at JSXParserMixin.parseMaybeAssignAllowIn (/home/pramod/Desktop/skillgap-ai/frontend/node_modules/@babel/parser/lib/index.js:10800:17)
      at JSXParserMixin.parseMaybeAssignAllowInOrVoidPattern (/home/pramod/Desktop/skillgap-ai/frontend/node_modules/@babel/parser/lib/index.js:12493:17)
      at JSXParserMixin.parseParenAndDistinguishExpression (/home/pramod/Desktop/skillgap-ai/frontend/node_modules/@babel/parser/lib/index.js:11675:28)
      at JSXParserMixin.parseExprAtom (/home/pramod/Desktop/skillgap-ai/frontend/node_modules/@babel/parser/lib/index.js:11331:23)
      at JSXParserMixin.parseExprAtom (/home/pramod/Desktop/skillgap-ai/frontend/node_modules/@babel/parser/lib/index.js:4764:20)
      at JSXParserMixin.parseExprSubscripts (/home/pramod/Desktop/skillgap-ai/frontend/node_modules/@babel/parser/lib/index.js:11081:23)
      at JSXParserMixin.parseUpdate (/home/pramod/Desktop/skillgap-ai/frontend/node_modules/@babel/parser/lib/index.js:11066:21)
      at JSXParserMixin.parseMaybeUnary (/home/pramod/Desktop/skillgap-ai/frontend/node_modules/@babel/parser/lib/index.js:11046:23)
      at JSXParserMixin.parseMaybeUnaryOrPrivate (/home/pramod/Desktop/skillgap-ai/frontend/node_modules/@babel/parser/lib/index.js:10899:61)
      at JSXParserMixin.parseExprOps (/home/pramod/Desktop/skillgap-ai/frontend/node_modules/@babel/parser/lib/index.js:10904:23)
      at JSXParserMixin.parseMaybeConditional (/home/pramod/Desktop/skillgap-ai/frontend/node_modules/@babel/parser/lib/index.js:10881:23)
      at JSXParserMixin.parseMaybeAssign (/home/pramod/Desktop/skillgap-ai/frontend/node_modules/@babel/parser/lib/index.js:10831:21)
      at JSXParserMixin.parseConditional (/home/pramod/Desktop/skillgap-ai/frontend/node_modules/@babel/parser/lib/index.js:10893:29)
      at JSXParserMixin.parseMaybeConditional (/home/pramod/Desktop/skillgap-ai/frontend/node_modules/@babel/parser/lib/index.js:10885:17)
      at JSXParserMixin.parseMaybeAssign (/home/pramod/Desktop/skillgap-ai/frontend/node_modules/@babel/parser/lib/index.js:10831:21)
      at JSXParserMixin.parseExpressionBase (/home/pramod/Desktop/skillgap-ai/frontend/node_modules/@babel/parser/lib/index.js:10784:23)
      at /home/pramod/Desktop/skillgap-ai/frontend/node_modules/@babel/parser/lib/index.js:10780:39
      at JSXParserMixin.allowInAnd (/home/pramod/Desktop/skillgap-ai/frontend/node_modules/@babel/parser/lib/index.js:12426:12)
      at JSXParserMixin.parseExpression (/home/pramod/Desktop/skillgap-ai/frontend/node_modules/@babel/parser/lib/index.js:10780:17)
7:11:40 PM [vite] hmr update /src/App.jsx
7:11:54 PM [vite] hmr update /src/App.jsx
7:12:04 PM [vite] hmr update /src/index.css
7:12:32 PM [vite] hmr update /src/App.jsx
7:12:55 PM [vite] hmr update /src/index.css
7:13:01 PM [vite] hmr update /src/index.css
7:15:23 PM [vite] hmr update /src/App.jsx
7:15:30 PM [vite] hmr update /src/index.css
7:15:51 PM [vite] hmr update /src/App.jsx
7:15:58 PM [vite] hmr update /src/index.css
7:16:18 PM [vite] hmr update /src/App.jsx
7:16:25 PM [vite] hmr update /src/App.jsx
7:16:37 PM [vite] hmr update /src/index.css
7:16:44 PM [vite] hmr update /src/index.css
7:52:51 PM [vite] hmr update /src/App.jsx
7:52:59 PM [vite] hmr update /src/index.css
8:22:06 PM [vite] hmr update /src/index.css
8:22:24 PM [vite] hmr update /src/index.css
8:22:33 PM [vite] hmr update /src/index.css
8:42:39 PM [vite] hmr update /src/App.jsx
8:43:06 PM [vite] hmr update /src/index.css
8:45:23 PM [vite] hmr update /src/App.jsx
8:45:45 PM [vite] hmr update /src/index.css
